Thu Dec 7 06:06:15 UTC 2017
Thu Dec 7 06:07:39 UTC 2017
Thu Dec 7 15:00:19 UTC 2017
Thu Dec 7 15:42:53 UTC 2017
Thu Dec 7 15:45:29 UTC 2017
Fri Dec 8 17:36:49 UTC 2017
Fri Dec 8 18:03:45 UTC 2017
Fri Dec 8 21:24:13 UTC 2017
Fri Dec 8 21:33:43 UTC 2017
Sun Dec 10 18:39:47 UTC 2017
Sun Dec 10 19:04:17 UTC 2017
Sun Dec 10 19:09:06 UTC 2017
Sun Dec 10 21:42:00 UTC 2017
Sun Dec 10 21:55:50 UTC 2017
Wed Dec 13 20:07:03 UTC 2017
Wed Dec 13 20:38:26 UTC 2017
Wed Dec 13 20:55:09 UTC 2017
Wed Dec 13 22:46:10 UTC 2017
Thu Dec 14 16:29:13 UTC 2017
Thu Dec 14 19:52:46 UTC 2017
Sat Dec 16 19:53:31 UTC 2017
Sun Dec 17 22:18:06 UTC 2017
Mon Dec 18 14:46:01 UTC 2017
Mon Dec 18 14:46:05 UTC 2017
Mon Dec 18 15:29:49 UTC 2017
Mon Dec 18 15:39:59 UTC 2017
Mon Dec 18 16:02:00 UTC 2017
Mon Dec 18 21:53:55 UTC 2017
Mon Dec 18 23:13:08 UTC 2017
Tue Dec 19 14:28:31 UTC 2017
Wed Dec 20 03:35:57 UTC 2017
Thu Dec 21 14:47:17 UTC 2017
Thu Dec 21 15:27:46 UTC 2017
Thu Dec 21 21:00:51 UTC 2017
Fri Dec 22 01:36:27 UTC 2017
Fri Dec 22 03:24:09 UTC 2017
Fri Dec 22 03:24:23 UTC 2017
Fri Dec 22 03:25:55 UTC 2017
Fri Dec 22 03:26:13 UTC 2017
Fri Dec 22 03:26:41 UTC 2017
Fri Dec 22 03:27:17 UTC 2017
Sat Dec 23 03:10:35 UTC 2017
Tue Dec 26 05:40:27 UTC 2017
Wed Dec 27 02:25:45 UTC 2017
Thu Dec 28 00:31:43 UTC 2017
Thu Dec 28 00:32:46 UTC 2017
Fri Dec 29 00:02:37 UTC 2017
Fri Dec 29 04:37:35 UTC 2017
Tue Jan  2 16:15:12 UTC 2018
